app/build/outputs/logs/manifest-merger-debug-report.txt
-- Merging decision tree log ---
manifest
ADDED from AndroidManifest.xml:2:1
	xmlns:android
		ADDED from AndroidManifest.xml:2:11
	package
		ADDED from AndroidManifest.xml:2:124
		INJECTED from AndroidManifest.xml:0:0
		INJECTED from AndroidManifest.xml:0:0
	android:versionName
		ADDED from AndroidManifest.xml:2:96
	android:versionCode
		ADDED from AndroidManifest.xml:2:70
		INJECTED from AndroidManifest.xml:0:0
		INJECTED from AndroidManifest.xml:0:0
uses-sdk
ADDED from AndroidManifest.xml:3:5
	android:targetSdkVersion
		ADDED from AndroidManifest.xml:3:42
		INJECTED from AndroidManifest.xml:0:0
		INJECTED from AndroidManifest.xml:0:0
	android:minSdkVersion
		ADDED from AndroidManifest.xml:3:15
		INJECTED from AndroidManifest.xml:0:0
		INJECTED from AndroidManifest.xml:0:0
uses-permission#android.permission.READ_CONTACTS
ADDED from AndroidManifest.xml:5:5
	android:name
		ADDED from AndroidManifest.xml:5:22
uses-permission#android.permission.READ_PHONE_STATE
ADDED from AndroidManifest.xml:6:5
	android:name
		ADDED from AndroidManifest.xml:6:22
uses-permission#android.permission.SEND_SMS
ADDED from AndroidManifest.xml:8:5
	android:name
		ADDED from AndroidManifest.xml:8:22
uses-permission#android.permission.VIBRATE
ADDED from AndroidManifest.xml:9:5
	android:name
		ADDED from AndroidManifest.xml:9:22
uses-permission#android.permission.ACCESS_FINE_LOCATION
ADDED from AndroidManifest.xml:10:5
	android:name
		ADDED from AndroidManifest.xml:10:22
uses-permission#android.permission.ACCESS_COARSE_LOCATION
ADDED from AndroidManifest.xml:11:5
	android:name
		ADDED from AndroidManifest.xml:11:22
uses-permission#android.permission.RECEIVE_BOOT_COMPLETED
ADDED from AndroidManifest.xml:12:5
	android:name
		ADDED from AndroidManifest.xml:12:22
uses-permission#com.android.launcher.permission.INSTALL_SHORTCUT
ADDED from AndroidManifest.xml:13:5
	android:name
		ADDED from AndroidManifest.xml:13:22
uses-permission#com.android.launcher.permission.UNINSTALL_SHORTCUT
ADDED from AndroidManifest.xml:14:5
	android:name
		ADDED from AndroidManifest.xml:14:22
uses-permission#android.permission.WAKE_LOCK
ADDED from AndroidManifest.xml:15:5
	android:name
		ADDED from AndroidManifest.xml:15:22
uses-permission#android.permission.GET_TASKS
ADDED from AndroidManifest.xml:18:5
	android:name
		ADDED from AndroidManifest.xml:18:22
uses-permission#android.permission.READ_LOGS
ADDED from AndroidManifest.xml:19:5
	android:name
		ADDED from AndroidManifest.xml:19:22
application
ADDED from AndroidManifest.xml:21:5
	android:label
		ADDED from AndroidManifest.xml:21:113
	android:debuggable
		ADDED from AndroidManifest.xml:21:45
	android:allowBackup
		ADDED from AndroidManifest.xml:21:18
	android:icon
		ADDED from AndroidManifest.xml:21:72
	android:theme
		ADDED from AndroidManifest.xml:21:189
	android:name
		ADDED from AndroidManifest.xml:21:146
activity#org.iilab.pb.HomeActivity
ADDED from AndroidManifest.xml:23:9
	android:screenOrientation
		ADDED from AndroidManifest.xml:23:146
	android:noHistory
		ADDED from AndroidManifest.xml:23:121
	android:label
		ADDED from AndroidManifest.xml:23:53
	android:excludeFromRecents
		ADDED from AndroidManifest.xml:23:19
	android:name
		ADDED from AndroidManifest.xml:23:92
intent-filter#android.intent.action.MAIN
ADDED from AndroidManifest.xml:24:13
action#android.intent.action.MAIN
ADDED from AndroidManifest.xml:25:17
	android:name
		ADDED from AndroidManifest.xml:25:25
activity-alias#org.iilab.pb.HomeActivity-setup
ADDED from AndroidManifest.xml:30:9
	android:label
		ADDED from AndroidManifest.xml:30:84
	android:icon
		ADDED from AndroidManifest.xml:30:48
	android:enabled
		ADDED from AndroidManifest.xml:30:25
	android:targetActivity
		ADDED from AndroidManifest.xml:30:158
	android:name
		ADDED from AndroidManifest.xml:30:123
intent-filter#android.intent.action.MAIN+android.intent.category.LAUNCHER
ADDED from AndroidManifest.xml:31:13
category#android.intent.category.LAUNCHER
ADDED from AndroidManifest.xml:33:17
	android:name
		ADDED from AndroidManifest.xml:33:27
activity-alias#org.iilab.pb.HomeActivity-calculator
ADDED from AndroidManifest.xml:37:9
	android:label
		ADDED from AndroidManifest.xml:37:90
	android:icon
		ADDED from AndroidManifest.xml:37:49
	android:enabled
		ADDED from AndroidManifest.xml:37:25
	android:targetActivity
		ADDED from AndroidManifest.xml:37:163
	android:name
		ADDED from AndroidManifest.xml:37:123
activity#org.iilab.pb.WizardActivity
ADDED from AndroidManifest.xml:44:9
	android:screenOrientation
		ADDED from AndroidManifest.xml:44:84
	android:excludeFromRecents
		ADDED from AndroidManifest.xml:44:19
	android:name
		ADDED from AndroidManifest.xml:44:53
activity#org.iilab.pb.WizardModalActivity
ADDED from AndroidManifest.xml:45:9
	android:screenOrientation
		ADDED from AndroidManifest.xml:45:89
	android:theme
		ADDED from AndroidManifest.xml:45:126
	android:excludeFromRecents
		ADDED from AndroidManifest.xml:45:19
	android:name
		ADDED from AndroidManifest.xml:45:53
activity#org.iilab.pb.CalculatorActivity
ADDED from AndroidManifest.xml:46:9
	android:screenOrientation
		ADDED from AndroidManifest.xml:46:120
	android:excludeFromRecents
		ADDED from AndroidManifest.xml:46:19
	android:name
		ADDED from AndroidManifest.xml:46:85
	android:launchMode
		ADDED from AndroidManifest.xml:46:53
activity#org.iilab.pb.LoginActivity
ADDED from AndroidManifest.xml:47:9
	android:screenOrientation
		ADDED from AndroidManifest.xml:47:108
	android:noHistory
		ADDED from AndroidManifest.xml:47:83
	android:excludeFromRecents
		ADDED from AndroidManifest.xml:47:19
	android:name
		ADDED from AndroidManifest.xml:47:53
activity#org.iilab.pb.MainActivity
ADDED from AndroidManifest.xml:48:9
	android:screenOrientation
		ADDED from AndroidManifest.xml:48:82
	android:excludeFromRecents
		ADDED from AndroidManifest.xml:48:19
	android:name
		ADDED from AndroidManifest.xml:48:53
activity#org.iilab.pb.MainModalActivity
ADDED from AndroidManifest.xml:49:9
	android:screenOrientation
		ADDED from AndroidManifest.xml:49:87
	android:theme
		ADDED from AndroidManifest.xml:49:124
	android:excludeFromRecents
		ADDED from AndroidManifest.xml:49:19
	android:name
		ADDED from AndroidManifest.xml:49:53
service#org.iilab.pb.trigger.HardwareTriggerService
ADDED from AndroidManifest.xml:51:9
	android:name
		ADDED from AndroidManifest.xml:51:18
receiver#org.iilab.pb.trigger.BootReceiver
ADDED from AndroidManifest.xml:53:9
	android:exported
		ADDED from AndroidManifest.xml:53:42
	android:enabled
		ADDED from AndroidManifest.xml:53:19
	android:name
		ADDED from AndroidManifest.xml:53:67
intent-filter#android.intent.action.BOOT_COMPLETED
ADDED from AndroidManifest.xml:54:13
action#android.intent.action.BOOT_COMPLETED
ADDED from AndroidManifest.xml:55:17
	android:name
		ADDED from AndroidManifest.xml:55:25
receiver#org.iilab.pb.location.LocationUpdateReceiver
ADDED from AndroidManifest.xml:59:9
	android:exported
		ADDED from AndroidManifest.xml:59:42
	android:enabled
		ADDED from AndroidManifest.xml:59:19
	android:name
		ADDED from AndroidManifest.xml:59:67
intent-filter#org.iilab.pb.LOCATION_UPDATE_ACTION
ADDED from AndroidManifest.xml:60:13
action#org.iilab.pb.LOCATION_UPDATE_ACTION
ADDED from AndroidManifest.xml:61:17
	android:name
		ADDED from AndroidManifest.xml:61:25
receiver#org.iilab.pb.alert.AlarmReceiver
ADDED from AndroidManifest.xml:65:9
	android:exported
		ADDED from AndroidManifest.xml:65:42
	android:enabled
		ADDED from AndroidManifest.xml:65:19
	android:name
		ADDED from AndroidManifest.xml:65:67
intent-filter#org.iilab.pb.SEND_ALERT_ACTION
ADDED from AndroidManifest.xml:66:13
action#org.iilab.pb.SEND_ALERT_ACTION
ADDED from AndroidManifest.xml:67:17
	android:name
		ADDED from AndroidManifest.xml:67:25
intent-filter#org.iilab.pb.SEND_ALERT_ACTION_SINGLE
ADDED from AndroidManifest.xml:69:13
action#org.iilab.pb.SEND_ALERT_ACTION_SINGLE
ADDED from AndroidManifest.xml:70:17
	android:name
		ADDED from AndroidManifest.xml:70:25